[debug] [2026-06-04T19:56:06.399Z] ----------------------------------------------------------------------
[debug] [2026-06-04T19:56:06.401Z] Command:       C:\Program Files\nodejs\node.exe C:\Users\NXT STORE\AppData\Local\npm-cache\_npx\7750544ccf494d8b\node_modules\firebase-tools\lib\bin\firebase.js deploy --only firestore:rules --project shop-fd2ef
[debug] [2026-06-04T19:56:06.401Z] CLI Version:   15.19.1
[debug] [2026-06-04T19:56:06.401Z] Platform:      win32
[debug] [2026-06-04T19:56:06.401Z] Node Version:  v24.15.0
[debug] [2026-06-04T19:56:06.401Z] Time:          Thu Jun 04 2026 20:56:06 GMT+0100 (British Summer Time)
[debug] [2026-06-04T19:56:06.401Z] ----------------------------------------------------------------------
[debug] 
[debug] [2026-06-04T19:56:06.402Z] >>> [apiv2][query] GET https://firebase-public.firebaseio.com/cli.json [none]
[error] 
[error] Error: Not in a Firebase app directory (could not locate firebase.json)
[debug] [2026-06-04T19:56:08.846Z] <<< [apiv2][status] GET https://firebase-public.firebaseio.com/cli.json 200
[debug] [2026-06-04T19:56:08.846Z] <<< [apiv2][body] GET https://firebase-public.firebaseio.com/cli.json {"cloudBuildErrorAfter":1594252800000,"cloudBuildWarnAfter":1590019200000,"defaultNode10After":1594252800000,"minVersion":"3.0.5","node8DeploysDisabledAfter":1613390400000,"node8RuntimeDisabledAfter":1615809600000,"node8WarnAfter":1600128000000}
[debug] [2026-06-04T19:56:08.966Z] Error: EBUSY: resource busy or locked, unlink 'C:\program aanis\SHOP\blgasm-pos\firebase-debug.log'
    at Object.unlinkSync (node:fs:1932:11)
    at process.<anonymous> (C:\Users\NXT STORE\AppData\Local\npm-cache\_npx\7750544ccf494d8b\node_modules\firebase-tools\lib\bin\cli.js:44:16)
    at process.emit (node:events:521:24)
    at process.exit (node:internal/process/per_thread:236:15)
    at Timeout._onTimeout (C:\Users\NXT STORE\AppData\Local\npm-cache\_npx\7750544ccf494d8b\node_modules\firebase-tools\lib\errorOut.js:20:17)
    at listOnTimeout (node:internal/timers:605:17)
    at process.processTimers (node:internal/timers:541:7)
[error] 
[error] Error: An unexpected error has occurred.
